<?xml version="1.0" encoding="UTF-8"?>
<testng-results skipped="0" failed="0" ignored="0" total="1" passed="1">
  <reporter-output>
  </reporter-output>
  <suite name="WebDriver" duration-ms="19217" started-at="2021-01-02T01:46:44Z" finished-at="2021-01-02T01:47:03Z">
    <groups>
    </groups>
    <test name="Test" duration-ms="19217" started-at="2021-01-02T01:46:44Z" finished-at="2021-01-02T01:47:03Z">
      <class name="TestNG.tc1">
        <test-method status="PASS" signature="launch()[pri:0, instance:TestNG.tc1@28d25987]" name="launch" is-config="true" duration-ms="10406" started-at="2021-01-02T01:46:44Z" finished-at="2021-01-02T01:46:54Z">
          <reporter-output>
          </reporter-output>
        </test-method> <!-- launch -->
        <test-method status="PASS" signature="verfiy()[pri:0, instance:TestNG.tc1@28d25987]" name="verfiy" duration-ms="4124" started-at="2021-01-02T01:46:54Z" finished-at="2021-01-02T01:46:58Z">
          <reporter-output>
          </reporter-output>
        </test-method> <!-- verfiy -->
        <test-method status="PASS" signature="close()[pri:0, instance:TestNG.tc1@28d25987]" name="close" is-config="true" duration-ms="4621" started-at="2021-01-02T01:46:58Z" finished-at="2021-01-02T01:47:03Z">
          <reporter-output>
          </reporter-output>
        </test-method> <!-- close -->
      </class> <!-- TestNG.tc1 -->
    </test> <!-- Test -->
  </suite> <!-- WebDriver -->
</testng-results>
